File limit higher than batch size. Can increase speed by increasing batch size '-b 924'.
Open 10.129.43.111:8080
Starting Script(s)
Running script "nmap -vvv -p {{port}} {{ip}} -sV" on ip 10.129.43.111
Depending on the complexity of the script, results may take some time to appear.
Starting Nmap 7.94SVN ( https://nmap.org ) at 2024-07-07 23:54 CEST
NSE: Loaded 46 scripts for scanning.
Initiating Ping Scan at 23:54
Scanning 10.129.43.111 [2 ports]
Completed Ping Scan at 23:54, 0.02s elapsed (1 total hosts)
Initiating Parallel DNS resolution of 1 host. at 23:54
Completed Parallel DNS resolution of 1 host. at 23:54, 0.01s elapsed
DNS resolution of 1 IPs took 0.01s. Mode: Async [#: 1, OK: 0, NX: 1, DR: 0, SF: 0, TR: 1, CN: 0]
Initiating Connect Scan at 23:54
Scanning 10.129.43.111 [1 port]
Discovered open port 8080/tcp on 10.129.43.111
Completed Connect Scan at 23:54, 0.02s elapsed (1 total ports)
Initiating Service scan at 23:54
Scanning 1 service on 10.129.43.111
Completed Service scan at 23:54, 5.27s elapsed (1 service on 1 host)
NSE: Script scanning 10.129.43.111.
NSE: Starting runlevel 1 (of 2) scan.
Initiating NSE at 23:54
Completed NSE at 23:54, 0.11s elapsed
NSE: Starting runlevel 2 (of 2) scan.
Initiating NSE at 23:54
Completed NSE at 23:54, 0.08s elapsed
Nmap scan report for 10.129.43.111
Host is up, received conn-refused (0.018s latency).
Scanned at 2024-07-07 23:54:26 CEST for 6s

PORT     STATE SERVICE REASON  VERSION
8080/tcp open  http    syn-ack Jetty 9.4.39.v20210325

Read data files from: /usr/bin/../share/nmap
Service detection performed. Please report any incorrect results at https://nmap.org/submit/ .
Nmap done: 1 IP address (1 host up) scanned in 6.14 seconds

